NodeID/NO	Score		 [Iteration = 0]
COSC 5395	 0.00704
COSC 4370	 0.00704
COSC 4377	 0.00704
MATH 4380	 0.00704
MATH 2325	 0.00704
MATH 3404	 0.00704
COSC 5350	 0.00704
COSC 5376	 0.00704
MATH 4373	 0.00704
MATH 1316	 0.00704
MATH 5343	 0.00704
MATH 3425	 0.00704
MATH 4341	 0.00704
COSC 5352	 0.00704
COSC 3191	 0.00704
COSC 5379	 0.00704
MATH 5383	 0.00704
MATH 3351	 0.00704
COSC 5381	 0.00704
MATH 3380	 0.00704
COSC 4199	 0.00704
MATH 5390	 0.00704
COSC 3145	 0.00704
MATH 2114	 0.00704
COSC 3375	 0.00704
COSC 5336	 0.00704
MTED 5299	 0.00704
MATH 5331	 0.00704
MATH 5399	 0.00704
COSC 1301	 0.00704
MATH 4336	 0.00704
COSC 1337	 0.00704
MATH 2330	 0.00704
MATH 1343	 0.00704
COSC 5375	 0.00704
COSC 5345	 0.00704
COSC 4385	 0.00704
COSC 4315	 0.00704
COSC 5377	 0.00704
MATH 4395	 0.00704
COSC 5374	 0.00704
COSC 5326	 0.00704
COSC 5351	 0.00704
COSC 4360	 0.00704
MTED 5198	 0.00704
COSC 3355	 0.00704
COSC 2336	 0.00704
MATH 3315	 0.00704
MATH 4351	 0.00704
COSC 4362	 0.00704
MATH 4195	 0.00704
COSC 4336	 0.00704
MATH 5333	 0.00704
MATH 5351	 0.00704
MATH 4160	 0.00704
MATH 1350	 0.00704
MATH 5299	 0.00704
MATH 5352	 0.00704
MATH 4161	 0.00704
COSC 5325	 0.00704
MATH 4342	 0.00704
COSC 3345	 0.00704
COSC 1137	 0.00704
COSC 1310	 0.00704
MATH 5395	 0.00704
MATH 3104	 0.00704
COSC 1336	 0.00704
MATH 5341	 0.00704
COSC 5370	 0.00704
COSC 4340	 0.00704
MATH 3345	 0.00704
MTED 5399	 0.00704
COSC 3325	 0.00704
MTED 5398	 0.00704
COSC 5360	 0.00704
COSC 5390	 0.00704
MATH 5199	 0.00704
COSC 5361	 0.00704
COSC 5380	 0.00704
COSC 5399	 0.00704
MATH 5305	 0.00704
COSC 1136	 0.00704
MATH 1351	 0.00704
COSC 3385	 0.00704
MATH 3203	 0.00704
MATH 3365	 0.00704
MATH 3336	 0.00704
COSC 5354	 0.00704
COSC 4309	 0.00704
MATH 1314	 0.00704
COSC 2325	 0.00704
COSC 4381	 0.00704
COSC 4356	 0.00704
MATH 4399	 0.00704
MATH 3373	 0.00704
COSC 5362	 0.00704
COSC 3365	 0.00704
MATH 1333	 0.00704
MATH 3305	 0.00704
COSC 4387	 0.00704
COSC 5391	 0.00704
MTED 5298	 0.00704
MATH 4299	 0.00704
MATH 1325	 0.00704
COSC 4375	 0.00704
COSC 4352	 0.00704
COSC 5330	 0.00704
COSC 5382	 0.00704
MATH 2414	 0.00704
COSC 4395	 0.00704
COSC 4327	 0.00704
COSC 4345	 0.00704
MATH 5381	 0.00704
COSC 1307	 0.00704
MATH 2413	 0.00704
MATH 2312	 0.00704
MATH 1332	 0.00704
MATH 4350	 0.00704
COSC 5340	 0.00704
MATH 5396	 0.00704
MATH 0303	 0.00704
COSC 5346	 0.00704
COSC 3331	 0.00704
COSC 3310	 0.00704
MATH 2113	 0.00704
MATH 4199	 0.00704
COSC 5365	 0.00704
COSC 4361	 0.00704
COSC 3215	 0.00704
COSC 2315	 0.00704
MATH 3452	 0.00704
MATH 5391	 0.00704
MTED 5199	 0.00704
COSC 1308	 0.00704
COSC 5378	 0.00704
COSC 4335	 0.00704
MATH 4295	 0.00704
MATH 1342	 0.00704
MATH 1324	 0.00704
COSC 5371	 0.00704
COSC 5396	 0.00704
COSC 4325	 0.00704