 No. NodeID/NO	Score		 [Iteration = 5]
  1. COSC 2336	35045.35618
  2. COSC 2315	1941.08495
  3. MATH 2414	34.26640
  4. MATH 2413	17.96420
  5. MATH 3425	4.02715
  6. COSC 5360	3.58048
  7. MATH 1314	2.17171
  8. MATH 3345	1.65772
  9. COSC 2325	1.65772
 10. COSC 1337	1.24604
 11. COSC 1336	0.39419
 12. COSC 1136	0.39419
 13. COSC 1137	0.32653
 14. MATH 3336	0.21903
 15. COSC 3345	0.14194
 16. MATH 1324	0.14194
 17. MATH 4395	0.05226
 18. MATH 4399	0.05226
 19. COSC 5350	0.05226
 20. MTED 5399	0.05226
 21. MATH 1316	0.05226
 22. MATH 4195	0.05226
 23. MATH 4199	0.05226
 24. MATH 5399	0.05226
 25. MTED 5198	0.05226
 26. MATH 4350	0.05226
 27. MTED 5199	0.05226
 28. MTED 5398	0.05226
 29. MATH 5199	0.05226
 30. MATH 2330	0.02912
 31. MATH 1332	0.02912
 32. MATH 3203	0.02115
 33. COSC 3310	0.02115
 34. COSC 3385	0.02115
 35. COSC 3145	0.01503
 36. MATH 5331	0.00704
 37. MATH 5381	0.00704
 38. MATH 5341	0.00704
 39. COSC 3355	0.00704
 40. COSC 5395	0.00704
 41. MATH 3373	0.00704
 42. MATH 5391	0.00704
 43. MATH 3380	0.00704
 44. COSC 5330	0.00704
 45. MATH 5351	0.00704
 46. MATH 1342	0.00704
 47. MATH 3404	0.00704
 48. MATH 4341	0.00704
 49. MATH 1350	0.00704
 50. MATH 5390	0.00704
 51. MATH 4160	0.00704
 52. MATH 5395	0.00704
 53. MATH 3305	0.00176
 54. COSC 4360	0.00039
 55. MATH 2114	0.00031
 56. MATH 2113	0.00031
 57. COSC 5340	0.00031
 58. COSC 3365	0.00031
 59. COSC 3375	0.00031
 60. COSC 5326	0.00031
 61. MATH 3104	0.00031
 62. COSC 1310	0.00010
 63. MATH 1325	0.00010
 64. COSC 4325	0.00010
 65. MATH 3315	0.00007
 66. COSC 4336	0.00006
 67. COSC 4315	0.00006
 68. COSC 4385	0.00006
 69. COSC 3325	0.00006
 70. COSC 5325	0.00005
 71. COSC 4395	0.00005
 72. MTED 5299	0.00005
 73. COSC 4356	0.00005
 74. COSC 4199	0.00005
 75. COSC 4335	0.00005
 76. COSC 5376	0.00005
 77. COSC 5370	0.00005
 78. COSC 5336	0.00005
 79. MATH 4351	0.00005
 80. MATH 4342	0.00005
 81. MATH 1333	0.00005
 82. COSC 1301	0.00005
 83. COSC 5352	0.00005
 84. COSC 5381	0.00005
 85. MATH 1351	0.00005
 86. COSC 4352	0.00005
 87. MATH 4299	0.00005
 88. COSC 3191	0.00005
 89. MATH 4336	0.00005
 90. MATH 0303	0.00005
 91. COSC 5378	0.00005
 92. COSC 4361	0.00005
 93. COSC 4327	0.00005
 94. MATH 5343	0.00005
 95. COSC 5377	0.00005
 96. COSC 5379	0.00005
 97. MATH 5352	0.00005
 98. COSC 1308	0.00005
 99. COSC 5396	0.00005
100. COSC 5382	0.00005
101. MATH 4373	0.00005
102. MATH 5383	0.00005
103. MATH 3351	0.00005
104. MATH 1343	0.00005
105. COSC 5371	0.00005
106. MATH 4295	0.00005
107. MATH 2325	0.00005
108. COSC 4362	0.00005
109. COSC 5374	0.00005
110. COSC 3331	0.00005
111. COSC 5361	0.00005
112. COSC 1307	0.00005
113. MATH 3365	0.00005
114. COSC 4345	0.00005
115. COSC 5399	0.00005
116. COSC 3215	0.00005
117. MATH 5333	0.00005
118. COSC 5345	0.00005
119. MATH 2312	0.00005
120. COSC 5365	0.00005
121. MTED 5298	0.00005
122. MATH 5305	0.00005
123. COSC 5362	0.00005
124. COSC 5391	0.00005
125. MATH 5299	0.00005
126. COSC 5390	0.00005
127. COSC 4377	0.00005
128. COSC 5354	0.00005
129. COSC 5380	0.00005
130. COSC 4381	0.00005
131. MATH 4380	0.00005
132. MATH 5396	0.00005
133. COSC 5351	0.00005
134. COSC 5346	0.00005
135. MATH 3452	0.00005
136. MATH 4161	0.00005
137. COSC 4387	0.00005
138. COSC 4375	0.00005
139. COSC 5375	0.00005
140. COSC 4340	0.00005
141. COSC 4309	0.00005
142. COSC 4370	0.00005